# JRE version: OpenJDK Runtime Environment (8.0_76-b03) (build 1.8.0_76-release-b03)
# Java VM: OpenJDK 64-Bit Server VM (25.76-b03 mixed mode windows-amd64 compressed oops)
Heap:
 PSYoungGen      total 52736K, used 9740K [0x00000000e0000000, 0x00000000e4400000, 0x0000000100000000)
  eden space 41984K, 0% used [0x00000000e0000000,0x00000000e0000000,0x00000000e2900000)
  from space 10752K, 90% used [0x00000000e3480000,0x00000000e3e030e8,0x00000000e3f00000)
  to   space 11776K, 0% used [0x00000000e2900000,0x00000000e2900000,0x00000000e3480000)
 ParOldGen       total 43008K, used 10693K [0x00000000a0000000, 0x00000000a2a00000, 0x00000000e0000000)
  object space 43008K, 24% used [0x00000000a0000000,0x00000000a0a71780,0x00000000a2a00000)
 Metaspace       used 34631K, capacity 35348K, committed 35496K, reserved 1079296K
  class space    used 4565K, capacity 4739K, committed 4776K, reserved 1048576K
GC Heap History (10 events):
Event: 11.170 GC heap after
Heap after GC invocations=13 (full 1):
 PSYoungGen      total 36864K, used 7841K [0x00000000e0000000, 0x00000000e3000000, 0x0000000100000000)
  eden space 28672K, 0% used [0x00000000e0000000,0x00000000e0000000,0x00000000e1c00000)
  from space 8192K, 95% used [0x00000000e2500000,0x00000000e2ca86f8,0x00000000e2d00000)
  to   space 9216K, 0% used [0x00000000e1c00000,0x00000000e1c00000,0x00000000e2500000)
 ParOldGen       total 43008K, used 10669K [0x00000000a0000000, 0x00000000a2a00000, 0x00000000e0000000)
  object space 43008K, 24% used [0x00000000a0000000,0x00000000a0a6b780,0x00000000a2a00000)
 Metaspace       used 29621K, capacity 30316K, committed 30592K, reserved 1075200K
  class space    used 3970K, capacity 4147K, committed 4224K, reserved 1048576K
}
Event: 12.168 GC heap before
{Heap before GC invocations=14 (full 1):
 PSYoungGen      total 36864K, used 36513K [0x00000000e0000000, 0x00000000e3000000, 0x0000000100000000)
  eden space 28672K, 100% used [0x00000000e0000000,0x00000000e1c00000,0x00000000e1c00000)
  from space 8192K, 95% used [0x00000000e2500000,0x00000000e2ca86f8,0x00000000e2d00000)
  to   space 9216K, 0% used [0x00000000e1c00000,0x00000000e1c00000,0x00000000e2500000)
 ParOldGen       total 43008K, used 10669K [0x00000000a0000000, 0x00000000a2a00000, 0x00000000e0000000)
  object space 43008K, 24% used [0x00000000a0000000,0x00000000a0a6b780,0x00000000a2a00000)
 Metaspace       used 31192K, capacity 31876K, committed 32000K, reserved 1077248K
  class space    used 4179K, capacity 4343K, committed 4352K, reserved 1048576K
Event: 12.176 GC heap after
Heap after GC invocations=14 (full 1):
 PSYoungGen      total 37888K, used 7550K [0x00000000e0000000, 0x00000000e3600000, 0x0000000100000000)
  eden space 28672K, 0% used [0x00000000e0000000,0x00000000e0000000,0x00000000e1c00000)
  from space 9216K, 81% used [0x00000000e1c00000,0x00000000e235f9f8,0x00000000e2500000)
  to   space 9728K, 0% used [0x00000000e2c80000,0x00000000e2c80000,0x00000000e3600000)
 ParOldGen       total 43008K, used 10677K [0x00000000a0000000, 0x00000000a2a00000, 0x00000000e0000000)
  object space 43008K, 24% used [0x00000000a0000000,0x00000000a0a6d780,0x00000000a2a00000)
 Metaspace       used 31192K, capacity 31876K, committed 32000K, reserved 1077248K
  class space    used 4179K, capacity 4343K, committed 4352K, reserved 1048576K
}
Event: 13.503 GC heap before
{Heap before GC invocations=15 (full 1):
 PSYoungGen      total 37888K, used 36222K [0x00000000e0000000, 0x00000000e3600000, 0x0000000100000000)
  eden space 28672K, 100% used [0x00000000e0000000,0x00000000e1c00000,0x00000000e1c00000)
  from space 9216K, 81% used [0x00000000e1c00000,0x00000000e235f9f8,0x00000000e2500000)
  to   space 9728K, 0% used [0x00000000e2c80000,0x00000000e2c80000,0x00000000e3600000)
 ParOldGen       total 43008K, used 10677K [0x00000000a0000000, 0x00000000a2a00000, 0x00000000e0000000)
  object space 43008K, 24% used [0x00000000a0000000,0x00000000a0a6d780,0x00000000a2a00000)
 Metaspace       used 31370K, capacity 32004K, committed 32256K, reserved 1077248K
  class space    used 4181K, capacity 4343K, committed 4352K, reserved 1048576K
Event: 13.518 GC heap after
Heap after GC invocations=15 (full 1):
 PSYoungGen      total 45056K, used 7556K [0x00000000e0000000, 0x00000000e3700000, 0x0000000100000000)
  eden space 35328K, 0% used [0x00000000e0000000,0x00000000e0000000,0x00000000e2280000)
  from space 9728K, 77% used [0x00000000e2c80000,0x00000000e33e1040,0x00000000e3600000)
  to   space 10240K, 0% used [0x00000000e2280000,0x00000000e2280000,0x00000000e2c80000)
 ParOldGen       total 43008K, used 10677K [0x00000000a0000000, 0x00000000a2a00000, 0x00000000e0000000)
  object space 43008K, 24% used [0x00000000a0000000,0x00000000a0a6d780,0x00000000a2a00000)
 Metaspace       used 31370K, capacity 32004K, committed 32256K, reserved 1077248K
  class space    used 4181K, capacity 4343K, committed 4352K, reserved 1048576K
}
Event: 17.205 GC heap before
{Heap before GC invocations=16 (full 1):
 PSYoungGen      total 45056K, used 42884K [0x00000000e0000000, 0x00000000e3700000, 0x0000000100000000)
  eden space 35328K, 100% used [0x00000000e0000000,0x00000000e2280000,0x00000000e2280000)
  from space 9728K, 77% used [0x00000000e2c80000,0x00000000e33e1040,0x00000000e3600000)
  to   space 10240K, 0% used [0x00000000e2280000,0x00000000e2280000,0x00000000e2c80000)
 ParOldGen       total 43008K, used 10677K [0x00000000a0000000, 0x00000000a2a00000, 0x00000000e0000000)
  object space 43008K, 24% used [0x00000000a0000000,0x00000000a0a6d780,0x00000000a2a00000)
 Metaspace       used 32077K, capacity 32684K, committed 32896K, reserved 1077248K
  class space    used 4260K, capacity 4419K, committed 4480K, reserved 1048576K
Event: 17.219 GC heap after
Heap after GC invocations=16 (full 1):
 PSYoungGen      total 45568K, used 7892K [0x00000000e0000000, 0x00000000e3f00000, 0x0000000100000000)
  eden space 35328K, 0% used [0x00000000e0000000,0x00000000e0000000,0x00000000e2280000)
  from space 10240K, 77% used [0x00000000e2280000,0x00000000e2a35030,0x00000000e2c80000)
  to   space 10752K, 0% used [0x00000000e3480000,0x00000000e3480000,0x00000000e3f00000)
 ParOldGen       total 43008K, used 10685K [0x00000000a0000000, 0x00000000a2a00000, 0x00000000e0000000)
  object space 43008K, 24% used [0x00000000a0000000,0x00000000a0a6f780,0x00000000a2a00000)
 Metaspace       used 32077K, capacity 32684K, committed 32896K, reserved 1077248K
  class space    used 4260K, capacity 4419K, committed 4480K, reserved 1048576K
}
Event: 17.752 GC heap before
{Heap before GC invocations=17 (full 1):
 PSYoungGen      total 45568K, used 28238K [0x00000000e0000000, 0x00000000e3f00000, 0x0000000100000000)
  eden space 35328K, 57% used [0x00000000e0000000,0x00000000e13deac8,0x00000000e2280000)
  from space 10240K, 77% used [0x00000000e2280000,0x00000000e2a35030,0x00000000e2c80000)
  to   space 10752K, 0% used [0x00000000e3480000,0x00000000e3480000,0x00000000e3f00000)
 ParOldGen       total 43008K, used 10685K [0x00000000a0000000, 0x00000000a2a00000, 0x00000000e0000000)
  object space 43008K, 24% used [0x00000000a0000000,0x00000000a0a6f780,0x00000000a2a00000)
 Metaspace       used 34631K, capacity 35348K, committed 35496K, reserved 1079296K
  class space    used 4565K, capacity 4739K, committed 4776K, reserved 1048576K
Event: 17.776 GC heap after
Heap after GC invocations=17 (full 1):
 PSYoungGen      total 52736K, used 9740K [0x00000000e0000000, 0x00000000e4400000, 0x0000000100000000)
  eden space 41984K, 0% used [0x00000000e0000000,0x00000000e0000000,0x00000000e2900000)
  from space 10752K, 90% used [0x00000000e3480000,0x00000000e3e030e8,0x00000000e3f00000)
  to   space 11776K, 0% used [0x00000000e2900000,0x00000000e2900000,0x00000000e3480000)
 ParOldGen       total 43008K, used 10693K [0x00000000a0000000, 0x00000000a2a00000, 0x00000000e0000000)
  object space 43008K, 24% used [0x00000000a0000000,0x00000000a0a71780,0x00000000a2a00000)
 Metaspace       used 34631K, capacity 35348K, committed 35496K, reserved 1079296K
  class space    used 4565K, capacity 4739K, committed 4776K, reserved 1048576K
}
Event: 17.776 GC heap before
{Heap before GC invocations=18 (full 2):
 PSYoungGen      total 52736K, used 9740K [0x00000000e0000000, 0x00000000e4400000, 0x0000000100000000)
  eden space 41984K, 0% used [0x00000000e0000000,0x00000000e0000000,0x00000000e2900000)
  from space 10752K, 90% used [0x00000000e3480000,0x00000000e3e030e8,0x00000000e3f00000)
  to   space 11776K, 0% used [0x00000000e2900000,0x00000000e2900000,0x00000000e3480000)
 ParOldGen       total 43008K, used 10693K [0x00000000a0000000, 0x00000000a2a00000, 0x00000000e0000000)
  object space 43008K, 24% used [0x00000000a0000000,0x00000000a0a71780,0x00000000a2a00000)
 Metaspace       used 34631K, capacity 35348K, committed 35496K, reserved 1079296K
  class space    used 4565K, capacity 4739K, committed 4776K, reserved 1048576K

